<?xml version="1.0" encoding="UTF-8"?>
<!-- Generated by org.testng.reporters.JUnitReportReporter -->
<testsuite hostname="ASUS" failures="0" tests="1" name="pageobjectmodel_example.PageFactory_WebDriver" time="7.452" errors="0" timestamp="2023-01-09T12:39:59 IST" skipped="0">
  <testcase classname="pageobjectmodel_example.PageFactory_WebDriver" name="loginpage" time="7.452"/>
  <system-out/>
</testsuite> <!-- pageobjectmodel_example.PageFactory_WebDriver -->
